2023-10-25 11:25:15,519 - INFO - Beginning execution of dms2_batch_bcsubamp in directory /fh/fast/bloom_j/computational_notebooks/ckikawa/2023/ZIKV_DMS_NS3_EvansLab

2023-10-25 11:25:15,519 - INFO - Progress is being logged to results/tile_2/codoncounts/summary.log
2023-10-25 11:25:15,567 - INFO - Version information:
	Time and date: Wed Oct 25 11:25:15 2023
	Platform: Linux-4.15.0-192-generic-x86_64-with-glibc2.10
	Python version: 3.8.13 | packaged by conda-forge | (default, Mar 25 2022, 06:04:18)  [GCC 10.3.0]
	dms_tools2 version: 2.6.10
	Bio version: 1.79
	pandas version: 0.25.3
	numpy version: 1.19.5
	IPython version: 8.4.0
	jupyter version: 1.0.0
	matplotlib version: 3.2.2
	plotnine version: 0.6.0
	natsort version: 8.2.0
	pystan version: 2.19.1.1
	scipy version: 1.6.0
	seaborn version: 0.12.2
	phydmslib version: 2.4.1
	statsmodels version: 0.11.1
	rpy2 cannot be imported
	regex version: 2.5.135
	umi_tools version: 1.1.4

2023-10-25 11:25:15,567 - INFO - Parsed the following arguments:
	outdir = results/tile_2/codoncounts
	ncpus = 72
	use_existing = no
	refseq = data/tile_2_amplicon.fasta
	alignspecs = ['1,309,30,30']
	bclen = 8
	fastqdir = None
	R2 = None
	R1trim = [210]
	R2trim = [210]
	bclen2 = None
	chartype = codon
	maxmuts = 4
	minq = 15
	minreads = 2
	minfraccall = 0.95
	minconcur = 0.75
	sitemask = None
	purgeread = 0
	purgebc = 0
	bcinfo = False
	bcinfo_csv = False
	batchfile = results/tile_2/codoncounts/batch.csv
	summaryprefix = summary

2023-10-25 11:25:15,567 - INFO - Parsing sample info from results/tile_2/codoncounts/batch.csv
2023-10-25 11:25:15,581 - INFO - Read the following sample information:
name,R1
lib1-virus-231024,/shared/ngs/illumina/ckikawa/231017_M00492_0174_000000000-L7FYB/Unaligned/Project_ckikawa/Virus_Tile_2_Lib_1_S9_R1_001.fastq.gz
lib2-virus-231024,/shared/ngs/illumina/ckikawa/231017_M00492_0174_000000000-L7FYB/Unaligned/Project_ckikawa/Virus_Tile_2_Lib_2_S10_R1_001.fastq.gz
lib3-virus-231024,/shared/ngs/illumina/ckikawa/231017_M00492_0174_000000000-L7FYB/Unaligned/Project_ckikawa/Virus_Tile_2_Lib_3_S11_R1_001.fastq.gz
wt-virus-231024,/shared/ngs/illumina/ckikawa/231017_M00492_0174_000000000-L7FYB/Unaligned/Project_ckikawa/Virus_Tile_2_WT_S12_R1_001.fastq.gz
lib1-plasmid-231024,/shared/ngs/illumina/ckikawa/231017_M00492_0174_000000000-L7FYB/Unaligned/Project_ckikawa/Plasmid_Tile_2_Lib_1_S13_R1_001.fastq.gz
lib2-plasmid-231024,/shared/ngs/illumina/ckikawa/231017_M00492_0174_000000000-L7FYB/Unaligned/Project_ckikawa/Plasmid_Tile_2_Lib_2_S14_R1_001.fastq.gz
lib3-plasmid-231024,/shared/ngs/illumina/ckikawa/231017_M00492_0174_000000000-L7FYB/Unaligned/Project_ckikawa/Plasmid_Tile_2_Lib_3_S15_R1_001.fastq.gz
wt-plasmid-231024,/shared/ngs/illumina/ckikawa/231017_M00492_0174_000000000-L7FYB/Unaligned/Project_ckikawa/Plasmid_Tile_2_WT_S16_R1_001.fastq.gz


2023-10-25 11:25:15,590 - INFO - Running dms2_bcsubamp on all samples using 36 CPUs...
2023-10-25 11:25:43,949 - INFO - Completed runs of dms2_bcsubamp.

2023-10-25 11:25:43,957 - INFO - Plotting read stats to results/tile_2/codoncounts/summary_readstats.pdf
2023-10-25 11:25:44,571 - INFO - Plotting barcode stats to results/tile_2/codoncounts/summary_bcstats.pdf
2023-10-25 11:25:44,823 - INFO - Plotting reads per barcode to results/tile_2/codoncounts/summary_readsperbc.pdf
2023-10-25 11:25:45,792 - INFO - Plotting count depth to results/tile_2/codoncounts/summary_depth.pdf
2023-10-25 11:25:46,586 - INFO - Plotting mutation frequencies to results/tile_2/codoncounts/summary_mutfreq.pdf
2023-10-25 11:25:47,859 - INFO - Plotting average frequencies of codon mutation types to results/tile_2/codoncounts/summary_codonmuttypes.pdf, writing the data to results/tile_2/codoncounts/summary_codonmuttypes.csv
2023-10-25 11:25:48,697 - INFO - Plotting average frequencies of nucleotide changes per codon mutation to results/tile_2/codoncounts/summary_codonntchanges.pdf
2023-10-25 11:25:49,530 - INFO - Plotting frequencies of nucleotide changes in 1-nucleotide mutations to results/tile_2/codoncounts/summary_singlentchanges.pdf
2023-10-25 11:25:50,445 - INFO - Plotting fraction of mutations seen less than some number of times to results/tile_2/codoncounts/summary_cumulmutcounts.pdf
2023-10-25 11:25:52,005 - INFO - Successful completion of dms2_batch_bcsubamp
