2024-07-19 11:34:05,272 - INFO - Beginning execution of dms2_bcsubamp in directory /fh/fast/bloom_j/computational_notebooks/whannon/2024/ZIKV_DMS_NS3_EvansLab

2024-07-19 11:34:05,273 - INFO - Progress is being logged to results/tile_2/codoncounts/wt-virus-231024.log
2024-07-19 11:34:05,310 - INFO - Version information:
	Time and date: Fri Jul 19 11:34:05 2024
	Platform: Linux-4.15.0-213-generic-x86_64-with-glibc2.10
	Python version: 3.8.19 | packaged by conda-forge | (default, Mar 20 2024, 12:47:35)  [GCC 12.3.0]
	dms_tools2 version: 2.6.10
	Bio version: 1.83
	pandas version: 0.25.3
	numpy version: 1.19.5
	IPython version: 8.12.2
	jupyter version: 1.0.0
	matplotlib version: 3.2.2
	plotnine version: 0.6.0
	natsort version: 8.4.0
	pystan version: 2.19.1.1
	scipy version: 1.6.0
	seaborn version: 0.12.2
	phydmslib version: 2.4.1
	statsmodels version: 0.13.5
	rpy2 cannot be imported
	regex version: 2.5.145
	umi_tools version: 1.1.4

2024-07-19 11:34:05,310 - INFO - Parsed the following arguments:
	outdir = results/tile_2/codoncounts
	ncpus = -1
	use_existing = no
	refseq = data/tile_2_amplicon.fasta
	alignspecs = ['1,309,30,30']
	bclen = 8
	fastqdir = None
	R2 = None
	R1trim = [210]
	R2trim = [210]
	bclen2 = None
	chartype = codon
	maxmuts = 4
	minq = 15
	minreads = 2
	minfraccall = 0.95
	minconcur = 0.75
	sitemask = None
	purgeread = 0.0
	purgebc = 0.0
	bcinfo = True
	bcinfo_csv = True
	name = wt-virus-231024
	R1 = ['/shared/ngs/illumina/ckikawa/231017_M00492_0174_000000000-L7FYB/Unaligned/Project_ckikawa/Virus_Tile_2_WT_S12_R1_001.fastq.gz']

2024-07-19 11:34:05,323 - INFO - Read refseq of 309 codons from data/tile_2_amplicon.fasta
2024-07-19 11:34:05,326 - INFO - Reads are in these FASTQ pairs:
	/shared/ngs/illumina/ckikawa/231017_M00492_0174_000000000-L7FYB/Unaligned/Project_ckikawa/Virus_Tile_2_WT_S12_R1_001.fastq.gz and /shared/ngs/illumina/ckikawa/231017_M00492_0174_000000000-L7FYB/Unaligned/Project_ckikawa/Virus_Tile_2_WT_S12_R2_001.fastq.gz

2024-07-19 11:34:05,327 - INFO - Now parsing read pairs...
2024-07-19 11:34:11,024 - INFO - Reads parsed so far: 500000
2024-07-19 11:34:14,367 - INFO - Parsed 827456 reads, found 397637 unique barcodes.
2024-07-19 11:34:14,370 - INFO - Summary stats on reads:
  total  fail filter  low Q barcode
 827456        54894          72142
2024-07-19 11:34:14,370 - INFO - Writing these stats to results/tile_2/codoncounts/wt-virus-231024_readstats.csv

2024-07-19 11:34:14,465 - INFO - Number of reads per barcode:
                 number of barcodes
number of reads                    
1                            211946
2                            106711
3                             51706
4                             19280
5                              5856
6                              1609
7                               403
8                                98
9                                19
10                                4
11                                3
12                                1
19                                1
2024-07-19 11:34:14,466 - INFO - Writing these stats to results/tile_2/codoncounts/wt-virus-231024_readsperbc.csv

2024-07-19 11:34:14,468 - INFO - Examining the 397637 barcodes to build and align subamplicons...
2024-07-19 11:34:23,777 - INFO - Barcodes examined so far: 200000
2024-07-19 11:34:29,339 - INFO - Examined all barcodes. Summary stats:
  total  too few reads  not alignable  aligned
 397637         211946          13761   171930
2024-07-19 11:34:29,339 - INFO - Writing these stats to results/tile_2/codoncounts/wt-virus-231024_bcstats.csv

2024-07-19 11:34:29,349 - INFO - Writing the counts of each codon identity at each site to results/tile_2/codoncounts/wt-virus-231024_codoncounts.csv

2024-07-19 11:34:29,358 - INFO - Successful completion of dms2_bcsubamp
