2024-07-19 11:36:13,253 - INFO - Beginning execution of dms2_bcsubamp in directory /fh/fast/bloom_j/computational_notebooks/whannon/2024/ZIKV_DMS_NS3_EvansLab

2024-07-19 11:36:13,253 - INFO - Progress is being logged to results/tile_1/codoncounts/lib1-virus-231024.log
2024-07-19 11:36:13,291 - INFO - Version information:
	Time and date: Fri Jul 19 11:36:13 2024
	Platform: Linux-4.15.0-213-generic-x86_64-with-glibc2.10
	Python version: 3.8.19 | packaged by conda-forge | (default, Mar 20 2024, 12:47:35)  [GCC 12.3.0]
	dms_tools2 version: 2.6.10
	Bio version: 1.83
	pandas version: 0.25.3
	numpy version: 1.19.5
	IPython version: 8.12.2
	jupyter version: 1.0.0
	matplotlib version: 3.2.2
	plotnine version: 0.6.0
	natsort version: 8.4.0
	pystan version: 2.19.1.1
	scipy version: 1.6.0
	seaborn version: 0.12.2
	phydmslib version: 2.4.1
	statsmodels version: 0.13.5
	rpy2 cannot be imported
	regex version: 2.5.145
	umi_tools version: 1.1.4

2024-07-19 11:36:13,291 - INFO - Parsed the following arguments:
	outdir = results/tile_1/codoncounts
	ncpus = -1
	use_existing = no
	refseq = data/tile_1_amplicon.fasta
	alignspecs = ['1,309,30,30']
	bclen = 8
	fastqdir = None
	R2 = None
	R1trim = [210]
	R2trim = [210]
	bclen2 = None
	chartype = codon
	maxmuts = 4
	minq = 15
	minreads = 2
	minfraccall = 0.95
	minconcur = 0.75
	sitemask = None
	purgeread = 0.0
	purgebc = 0.0
	bcinfo = True
	bcinfo_csv = True
	name = lib1-virus-231024
	R1 = ['/shared/ngs/illumina/ckikawa/231017_M00492_0174_000000000-L7FYB/Unaligned/Project_ckikawa/Virus_Tile_1_Lib_1_S1_R1_001.fastq.gz']

2024-07-19 11:36:13,302 - INFO - Read refseq of 309 codons from data/tile_1_amplicon.fasta
2024-07-19 11:36:13,307 - INFO - Reads are in these FASTQ pairs:
	/shared/ngs/illumina/ckikawa/231017_M00492_0174_000000000-L7FYB/Unaligned/Project_ckikawa/Virus_Tile_1_Lib_1_S1_R1_001.fastq.gz and /shared/ngs/illumina/ckikawa/231017_M00492_0174_000000000-L7FYB/Unaligned/Project_ckikawa/Virus_Tile_1_Lib_1_S1_R2_001.fastq.gz

2024-07-19 11:36:13,308 - INFO - Now parsing read pairs...
2024-07-19 11:36:18,968 - INFO - Reads parsed so far: 500000
2024-07-19 11:36:23,181 - INFO - Parsed 917977 reads, found 390811 unique barcodes.
2024-07-19 11:36:23,185 - INFO - Summary stats on reads:
  total  fail filter  low Q barcode
 917977        50447          80709
2024-07-19 11:36:23,185 - INFO - Writing these stats to results/tile_1/codoncounts/lib1-virus-231024_readstats.csv

2024-07-19 11:36:23,287 - INFO - Number of reads per barcode:
                 number of barcodes
number of reads                    
1                            175345
2                            106232
3                             63235
4                             29272
5                             11264
6                              3721
7                              1206
8                               373
9                               101
10                               44
11                               12
12                                5
606                               1
2024-07-19 11:36:23,287 - INFO - Writing these stats to results/tile_1/codoncounts/lib1-virus-231024_readsperbc.csv

2024-07-19 11:36:23,289 - INFO - Examining the 390811 barcodes to build and align subamplicons...
2024-07-19 11:36:34,048 - INFO - Barcodes examined so far: 200000
2024-07-19 11:36:40,575 - INFO - Examined all barcodes. Summary stats:
  total  too few reads  not alignable  aligned
 390811         175345          15863   199603
2024-07-19 11:36:40,576 - INFO - Writing these stats to results/tile_1/codoncounts/lib1-virus-231024_bcstats.csv

2024-07-19 11:36:40,589 - INFO - Writing the counts of each codon identity at each site to results/tile_1/codoncounts/lib1-virus-231024_codoncounts.csv

2024-07-19 11:36:40,599 - INFO - Successful completion of dms2_bcsubamp
