2024-07-18 16:56:36,067 - INFO - Beginning execution of dms2_bcsubamp in directory /fh/fast/bloom_j/computational_notebooks/whannon/2024/ZIKV_DMS_NS3_EvansLab

2024-07-18 16:56:36,067 - INFO - Progress is being logged to results/tile_1/codoncounts/lib3-virus-231024.log
2024-07-18 16:56:36,105 - INFO - Version information:
	Time and date: Thu Jul 18 16:56:36 2024
	Platform: Linux-4.15.0-213-generic-x86_64-with-glibc2.10
	Python version: 3.8.19 | packaged by conda-forge | (default, Mar 20 2024, 12:47:35)  [GCC 12.3.0]
	dms_tools2 version: 2.6.10
	Bio version: 1.83
	pandas version: 0.25.3
	numpy version: 1.19.5
	IPython version: 8.12.2
	jupyter version: 1.0.0
	matplotlib version: 3.2.2
	plotnine version: 0.6.0
	natsort version: 8.4.0
	pystan version: 2.19.1.1
	scipy version: 1.6.0
	seaborn version: 0.12.2
	phydmslib version: 2.4.1
	statsmodels version: 0.13.5
	rpy2 cannot be imported
	regex version: 2.5.145
	umi_tools version: 1.1.4

2024-07-18 16:56:36,105 - INFO - Parsed the following arguments:
	outdir = results/tile_1/codoncounts
	ncpus = -1
	use_existing = no
	refseq = data/tile_1_amplicon.fasta
	alignspecs = ['1,309,30,30']
	bclen = 8
	fastqdir = None
	R2 = None
	R1trim = [210]
	R2trim = [210]
	bclen2 = None
	chartype = codon
	maxmuts = 4
	minq = 15
	minreads = 2
	minfraccall = 0.95
	minconcur = 0.75
	sitemask = None
	purgeread = 0.0
	purgebc = 0.0
	bcinfo = True
	bcinfo_csv = True
	name = lib3-virus-231024
	R1 = ['/shared/ngs/illumina/ckikawa/231017_M00492_0174_000000000-L7FYB/Unaligned/Project_ckikawa/Virus_Tile_1_Lib_3_S3_R1_001.fastq.gz']

2024-07-18 16:56:36,225 - INFO - Read refseq of 309 codons from data/tile_1_amplicon.fasta
2024-07-18 16:56:36,227 - INFO - Reads are in these FASTQ pairs:
	/shared/ngs/illumina/ckikawa/231017_M00492_0174_000000000-L7FYB/Unaligned/Project_ckikawa/Virus_Tile_1_Lib_3_S3_R1_001.fastq.gz and /shared/ngs/illumina/ckikawa/231017_M00492_0174_000000000-L7FYB/Unaligned/Project_ckikawa/Virus_Tile_1_Lib_3_S3_R2_001.fastq.gz

2024-07-18 16:56:36,227 - INFO - Now parsing read pairs...
2024-07-18 16:56:41,903 - INFO - Reads parsed so far: 500000
2024-07-18 16:56:45,954 - INFO - Parsed 903581 reads, found 389983 unique barcodes.
2024-07-18 16:56:45,957 - INFO - Summary stats on reads:
  total  fail filter  low Q barcode
 903581        48870          68754
2024-07-18 16:56:45,957 - INFO - Writing these stats to results/tile_1/codoncounts/lib3-virus-231024_readstats.csv

2024-07-18 16:56:46,062 - INFO - Number of reads per barcode:
                 number of barcodes
number of reads                    
1                            178147
2                            101230
3                             62930
4                             30094
5                             11874
6                              3925
7                              1271
8                               367
9                                92
10                               32
11                               14
12                                4
13                                1
14                                1
54                                1
2024-07-18 16:56:46,062 - INFO - Writing these stats to results/tile_1/codoncounts/lib3-virus-231024_readsperbc.csv

2024-07-18 16:56:46,066 - INFO - Examining the 389983 barcodes to build and align subamplicons...
2024-07-18 16:56:56,193 - INFO - Barcodes examined so far: 200000
2024-07-18 16:57:02,325 - INFO - Examined all barcodes. Summary stats:
  total  too few reads  not alignable  aligned
 389983         178147          13679   198157
2024-07-18 16:57:02,326 - INFO - Writing these stats to results/tile_1/codoncounts/lib3-virus-231024_bcstats.csv

2024-07-18 16:57:02,338 - INFO - Writing the counts of each codon identity at each site to results/tile_1/codoncounts/lib3-virus-231024_codoncounts.csv

2024-07-18 16:57:02,349 - INFO - Successful completion of dms2_bcsubamp
