2024-07-19 11:11:04,208 - INFO - Beginning execution of dms2_batch_bcsubamp in directory /fh/fast/bloom_j/computational_notebooks/whannon/2024/ZIKV_DMS_NS3_EvansLab

2024-07-19 11:11:04,208 - INFO - Progress is being logged to results/tile_1/codoncounts/summary.log
2024-07-19 11:11:04,279 - INFO - Version information:
	Time and date: Fri Jul 19 11:11:04 2024
	Platform: Linux-4.15.0-213-generic-x86_64-with-glibc2.10
	Python version: 3.8.19 | packaged by conda-forge | (default, Mar 20 2024, 12:47:35)  [GCC 12.3.0]
	dms_tools2 version: 2.6.10
	Bio version: 1.83
	pandas version: 0.25.3
	numpy version: 1.19.5
	IPython version: 8.12.2
	jupyter version: 1.0.0
	matplotlib version: 3.2.2
	plotnine version: 0.6.0
	natsort version: 8.4.0
	pystan version: 2.19.1.1
	scipy version: 1.6.0
	seaborn version: 0.12.2
	phydmslib version: 2.4.1
	statsmodels version: 0.13.5
	rpy2 cannot be imported
	regex version: 2.5.145
	umi_tools version: 1.1.4

2024-07-19 11:11:04,279 - INFO - Parsed the following arguments:
	outdir = results/tile_1/codoncounts
	ncpus = 4
	use_existing = no
	refseq = data/tile_1_amplicon.fasta
	alignspecs = ['1,309,30,30']
	bclen = 8
	fastqdir = None
	R2 = None
	R1trim = [210]
	R2trim = [210]
	bclen2 = None
	chartype = codon
	maxmuts = 4
	minq = 15
	minreads = 2
	minfraccall = 0.95
	minconcur = 0.75
	sitemask = None
	purgeread = 0
	purgebc = 0
	bcinfo = False
	bcinfo_csv = False
	batchfile = results/tile_1/codoncounts/batch.csv
	summaryprefix = summary

2024-07-19 11:11:04,279 - INFO - Parsing sample info from results/tile_1/codoncounts/batch.csv
2024-07-19 11:11:04,289 - INFO - Read the following sample information:
name,R1
lib1-virus-231024,/shared/ngs/illumina/ckikawa/231017_M00492_0174_000000000-L7FYB/Unaligned/Project_ckikawa/Virus_Tile_1_Lib_1_S1_R1_001.fastq.gz
lib2-virus-231024,/shared/ngs/illumina/ckikawa/231017_M00492_0174_000000000-L7FYB/Unaligned/Project_ckikawa/Virus_Tile_1_Lib_2_S2_R1_001.fastq.gz
lib3-virus-231024,/shared/ngs/illumina/ckikawa/231017_M00492_0174_000000000-L7FYB/Unaligned/Project_ckikawa/Virus_Tile_1_Lib_3_S3_R1_001.fastq.gz
wt-virus-231024,/shared/ngs/illumina/ckikawa/231017_M00492_0174_000000000-L7FYB/Unaligned/Project_ckikawa/Virus_Tile_1_WT_S4_R1_001.fastq.gz
lib1-plasmid-231024,/shared/ngs/illumina/ckikawa/231017_M00492_0174_000000000-L7FYB/Unaligned/Project_ckikawa/Plasmid_Tile_1_Lib_1_S5_R1_001.fastq.gz
lib2-plasmid-231024,/shared/ngs/illumina/ckikawa/231017_M00492_0174_000000000-L7FYB/Unaligned/Project_ckikawa/Plasmid_Tile_1_Lib_2_S6_R1_001.fastq.gz
lib3-plasmid-231024,/shared/ngs/illumina/ckikawa/231017_M00492_0174_000000000-L7FYB/Unaligned/Project_ckikawa/Plasmid_Tile_1_Lib_3_S7_R1_001.fastq.gz
wt-plasmid-231024,/shared/ngs/illumina/ckikawa/231017_M00492_0174_000000000-L7FYB/Unaligned/Project_ckikawa/Plasmid_Tile_1_WT_S8_R1_001.fastq.gz


2024-07-19 11:11:04,310 - INFO - Removing existing file results/tile_1/codoncounts/summary_readstats.pdf
2024-07-19 11:11:04,314 - INFO - Removing existing file results/tile_1/codoncounts/summary_bcstats.pdf
2024-07-19 11:11:04,318 - INFO - Removing existing file results/tile_1/codoncounts/summary_readsperbc.pdf
2024-07-19 11:11:04,323 - INFO - Removing existing file results/tile_1/codoncounts/summary_depth.pdf
2024-07-19 11:11:04,328 - INFO - Removing existing file results/tile_1/codoncounts/summary_mutfreq.pdf
2024-07-19 11:11:04,332 - INFO - Removing existing file results/tile_1/codoncounts/summary_codonmuttypes.pdf
2024-07-19 11:11:04,336 - INFO - Removing existing file results/tile_1/codoncounts/summary_codonmuttypes.csv
2024-07-19 11:11:04,340 - INFO - Removing existing file results/tile_1/codoncounts/summary_codonntchanges.pdf
2024-07-19 11:11:04,344 - INFO - Removing existing file results/tile_1/codoncounts/summary_singlentchanges.pdf
2024-07-19 11:11:04,348 - INFO - Removing existing file results/tile_1/codoncounts/summary_cumulmutcounts.pdf
2024-07-19 11:11:04,352 - INFO - Running dms2_bcsubamp on all samples using 4 CPUs...
2024-07-19 11:13:06,783 - INFO - Completed runs of dms2_bcsubamp.

2024-07-19 11:13:06,793 - INFO - Plotting read stats to results/tile_1/codoncounts/summary_readstats.pdf
2024-07-19 11:13:07,896 - INFO - Plotting barcode stats to results/tile_1/codoncounts/summary_bcstats.pdf
2024-07-19 11:13:08,387 - INFO - Plotting reads per barcode to results/tile_1/codoncounts/summary_readsperbc.pdf
2024-07-19 11:13:10,097 - INFO - Plotting count depth to results/tile_1/codoncounts/summary_depth.pdf
2024-07-19 11:13:11,627 - INFO - Plotting mutation frequencies to results/tile_1/codoncounts/summary_mutfreq.pdf
2024-07-19 11:13:14,400 - INFO - Plotting average frequencies of codon mutation types to results/tile_1/codoncounts/summary_codonmuttypes.pdf, writing the data to results/tile_1/codoncounts/summary_codonmuttypes.csv
2024-07-19 11:13:16,482 - INFO - Plotting average frequencies of nucleotide changes per codon mutation to results/tile_1/codoncounts/summary_codonntchanges.pdf
2024-07-19 11:13:18,403 - INFO - Plotting frequencies of nucleotide changes in 1-nucleotide mutations to results/tile_1/codoncounts/summary_singlentchanges.pdf
2024-07-19 11:13:20,481 - INFO - Plotting fraction of mutations seen less than some number of times to results/tile_1/codoncounts/summary_cumulmutcounts.pdf
2024-07-19 11:13:23,875 - INFO - Successful completion of dms2_batch_bcsubamp
