2023-10-25 11:29:59,705 - INFO - Beginning execution of dms2_prefs in directory /fh/fast/bloom_j/computational_notebooks/ckikawa/2023/ZIKV_DMS_NS3_EvansLab

2023-10-25 11:29:59,705 - INFO - Progress is being logged to results/tile_3/prefs_withStops/lib1-virus-231024.log
2023-10-25 11:29:59,743 - INFO - Version information:
	Time and date: Wed Oct 25 11:29:59 2023
	Platform: Linux-4.15.0-192-generic-x86_64-with-glibc2.10
	Python version: 3.8.13 | packaged by conda-forge | (default, Mar 25 2022, 06:04:18)  [GCC 10.3.0]
	dms_tools2 version: 2.6.10
	Bio version: 1.79
	pandas version: 0.25.3
	numpy version: 1.19.5
	IPython version: 8.4.0
	jupyter version: 1.0.0
	matplotlib version: 3.2.2
	plotnine version: 0.6.0
	natsort version: 8.2.0
	pystan version: 2.19.1.1
	scipy version: 1.6.0
	seaborn version: 0.12.2
	phydmslib version: 2.4.1
	statsmodels version: 0.11.1
	rpy2 cannot be imported
	regex version: 2.5.135
	umi_tools version: 1.1.4

2023-10-25 11:29:59,743 - INFO - Parsed the following arguments:
	outdir = results/tile_3/prefs_withStops
	ncpus = 18
	use_existing = no
	method = ratio
	indir = results/tile_3/renumbered_codoncounts
	chartype = codon_to_aa
	excludestop = no
	conc = [1.0, 1.0, 1.0]
	pseudocount = 1
	pre = lib1-plasmid-231024
	post = lib1-virus-231024
	name = lib1-virus-231024
	err = ['wt-plasmid-231024', 'wt-virus-231024']

2023-10-25 11:29:59,745 - INFO - Reading pre-selection counts from results/tile_3/renumbered_codoncounts/lib1-plasmid-231024_codoncounts.csv
2023-10-25 11:29:59,751 - INFO - Reading post-selection counts from results/tile_3/renumbered_codoncounts/lib1-virus-231024_codoncounts.csv
2023-10-25 11:29:59,756 - INFO - Reading pre-selection error-control counts from pre
2023-10-25 11:29:59,761 - INFO - Reading post-selection error-control counts from post
2023-10-25 11:29:59,771 - INFO - Read counts for 102 sites.
2023-10-25 11:29:59,771 - INFO - Here are sites and wildtype identities:
	207	TTG
	208	GTG
	209	TCA
	210	TAC
	211	TGT
	212	GGG
	213	CCT
	214	TGG
	215	AAG
	216	TTG
	217	GAT
	218	GCA
	219	GCT
	220	TGG
	221	GAT
	222	GGA
	223	CTC
	224	AGC
	225	GAG
	226	GTA
	227	CAG
	228	CTT
	229	TTG
	230	GCC
	231	GTA
	232	CCT
	233	CCC
	234	GGA
	235	GAG
	236	AGG
	237	GCC
	238	AGA
	239	AAC
	240	ATT
	241	CAG
	242	ACC
	243	CTG
	244	CCT
	245	GGA
	246	ATA
	247	TTC
	248	AAG
	249	ACA
	250	AAG
	251	GAC
	252	GGG
	253	GAC
	254	ATC
	255	GGA
	256	GCA
	257	GTT
	258	GCT
	259	CTG
	260	GAC
	261	TAC
	262	CCT
	263	GCA
	264	GGG
	265	ACC
	266	TCA
	267	GGA
	268	TCT
	269	CCG
	270	ATC
	271	CTA
	272	GAC
	273	AAA
	274	TGT
	275	GGA
	276	AGA
	277	GTG
	278	ATA
	279	GGA
	280	CTC
	281	TAT
	282	GGC
	283	AAT
	284	GGG
	285	GTT
	286	GTG
	287	ATC
	288	AAG
	289	AAT
	290	GGA
	291	AGC
	292	TAT
	293	GTT
	294	AGT
	295	GCT
	296	ATA
	297	ACC
	298	CAG
	299	GGA
	300	AAG
	301	AGG
	302	GAG
	303	GAG
	304	GAG
	305	ACT
	306	CCG
	307	GTT
	308	GAA

2023-10-25 11:29:59,771 - INFO - Computing preferences as normalized enrichment ratios...
2023-10-25 11:30:00,083 - INFO - Writing preferences to results/tile_3/prefs_withStops/lib1-virus-231024_prefs.csv
2023-10-25 11:30:00,091 - INFO - Successful completion of dms2_prefs
