2024-07-19 11:38:18,816 - INFO - Beginning execution of dms2_logoplot in directory /fh/fast/bloom_j/computational_notebooks/whannon/2024/ZIKV_DMS_NS3_EvansLab

2024-07-19 11:38:18,817 - INFO - Progress is being logged to results/tile_1/logoplots_withStops/virus.log
2024-07-19 11:38:18,852 - INFO - Version information:
	Time and date: Fri Jul 19 11:38:18 2024
	Platform: Linux-4.15.0-213-generic-x86_64-with-glibc2.10
	Python version: 3.8.19 | packaged by conda-forge | (default, Mar 20 2024, 12:47:35)  [GCC 12.3.0]
	dms_tools2 version: 2.6.10
	Bio version: 1.83
	pandas version: 0.25.3
	numpy version: 1.19.5
	IPython version: 8.12.2
	jupyter version: 1.0.0
	matplotlib version: 3.2.2
	plotnine version: 0.6.0
	natsort version: 8.4.0
	pystan version: 2.19.1.1
	scipy version: 1.6.0
	seaborn version: 0.12.2
	phydmslib version: 2.4.1
	statsmodels version: 0.13.5
	rpy2 cannot be imported
	regex version: 2.5.145
	umi_tools version: 1.1.4

2024-07-19 11:38:18,852 - INFO - Parsed the following arguments:
	outdir = results/tile_1/logoplots_withStops
	ncpus = -1
	use_existing = no
	prefs = None
	diffsel = None
	fracsurvive = None
	diffprefs = None
	muteffects = results/tile_1/muteffects_withStops/virus_muteffects.csv
	name = virus
	nperline = 56
	numberevery = 10
	excludestop = no
	stringency = 1
	restrictdiffsel = all
	diffselrange = None
	muteffectrange = None
	fracsurvivemax = None
	sortsites = yes
	mapmetric = functionalgroup
	colormap = jet
	overlay1 = ['results/tile_1/logoplots/wt_overlay.csv', 'wildtype', 'wildtype']
	overlay2 = None
	overlay3 = None
	underlay = no
	scalebar = ['6.64', '100-fold change (log scale)']
	overlaycolormap = jet
	letterheight = 1
	ignore_extracols = no
	sepline = yes

2024-07-19 11:38:18,854 - INFO - Reading muteffects from file results/tile_1/muteffects_withStops/virus_muteffects.csv...
2024-07-19 11:38:18,862 - INFO - Read data for 103 sites.

2024-07-19 11:38:18,884 - INFO - Reading overlay for wildtype from results/tile_1/logoplots/wt_overlay.csv...
2024-07-19 11:38:18,889 - INFO - Read overlay for 103 sites.

2024-07-19 11:38:18,889 - INFO - Making logo plot results/tile_1/logoplots_withStops/virus_muteffects.pdf...
2024-07-19 11:38:20,764 - INFO - Successfully created logo plot.

2024-07-19 11:38:20,764 - INFO - Successful completion of dms2_logoplot
