2023-10-25 10:05:46,779 - INFO - Beginning execution of dms2_bcsubamp in directory /fh/fast/bloom_j/computational_notebooks/ckikawa/2023/ZIKV_DMS_NS3_EvansLab

2023-10-25 10:05:46,779 - INFO - Progress is being logged to results/tile_3/codoncounts/lib3-virus-231024.log
2023-10-25 10:05:46,813 - INFO - Version information:
	Time and date: Wed Oct 25 10:05:46 2023
	Platform: Linux-4.15.0-192-generic-x86_64-with-glibc2.10
	Python version: 3.8.13 | packaged by conda-forge | (default, Mar 25 2022, 06:04:18)  [GCC 10.3.0]
	dms_tools2 version: 2.6.10
	Bio version: 1.79
	pandas version: 0.25.3
	numpy version: 1.19.5
	IPython version: 8.4.0
	jupyter version: 1.0.0
	matplotlib version: 3.2.2
	plotnine version: 0.6.0
	natsort version: 8.2.0
	pystan version: 2.19.1.1
	scipy version: 1.6.0
	seaborn version: 0.12.2
	phydmslib version: 2.4.1
	statsmodels version: 0.11.1
	rpy2 cannot be imported
	regex version: 2.5.135
	umi_tools version: 1.1.4

2023-10-25 10:05:46,814 - INFO - Parsed the following arguments:
	outdir = results/tile_3/codoncounts
	ncpus = -1
	use_existing = no
	refseq = data/tile_3_amplicon.fasta
	alignspecs = ['1,306,30,30']
	bclen = 8
	fastqdir = None
	R2 = None
	R1trim = [210]
	R2trim = [210]
	bclen2 = None
	chartype = codon
	maxmuts = 4
	minq = 15
	minreads = 2
	minfraccall = 0.95
	minconcur = 0.75
	sitemask = None
	purgeread = 0.0
	purgebc = 0.0
	bcinfo = True
	bcinfo_csv = True
	name = lib3-virus-231024
	R1 = ['/shared/ngs/illumina/ckikawa/231017_M00492_0174_000000000-L7FYB/Unaligned/Project_ckikawa/Virus_Tile_3_Lib_3_S19_R1_001.fastq.gz']

2023-10-25 10:05:46,825 - INFO - Read refseq of 306 codons from data/tile_3_amplicon.fasta
2023-10-25 10:05:46,828 - INFO - Reads are in these FASTQ pairs:
	/shared/ngs/illumina/ckikawa/231017_M00492_0174_000000000-L7FYB/Unaligned/Project_ckikawa/Virus_Tile_3_Lib_3_S19_R1_001.fastq.gz and /shared/ngs/illumina/ckikawa/231017_M00492_0174_000000000-L7FYB/Unaligned/Project_ckikawa/Virus_Tile_3_Lib_3_S19_R2_001.fastq.gz

2023-10-25 10:05:46,828 - INFO - Now parsing read pairs...
2023-10-25 10:05:52,124 - INFO - Reads parsed so far: 500000
2023-10-25 10:05:57,261 - INFO - Reads parsed so far: 1000000
2023-10-25 10:05:57,666 - INFO - Parsed 1045041 reads, found 398362 unique barcodes.
2023-10-25 10:05:57,668 - INFO - Summary stats on reads:
   total  fail filter  low Q barcode
 1045041        64927          96711
2023-10-25 10:05:57,668 - INFO - Writing these stats to results/tile_3/codoncounts/lib3-virus-231024_readstats.csv

2023-10-25 10:05:57,761 - INFO - Number of reads per barcode:
                 number of barcodes
number of reads                    
1                            163202
2                             98093
3                             69762
4                             38603
5                             17766
6                              7140
7                              2509
8                               847
9                               266
10                               99
11                               37
12                               21
13                                9
14                                4
15                                1
16                                1
17                                1
44                                1
2023-10-25 10:05:57,761 - INFO - Writing these stats to results/tile_3/codoncounts/lib3-virus-231024_readsperbc.csv

2023-10-25 10:05:57,764 - INFO - Examining the 398362 barcodes to build and align subamplicons...
2023-10-25 10:06:07,761 - INFO - Barcodes examined so far: 200000
2023-10-25 10:06:14,301 - INFO - Examined all barcodes. Summary stats:
  total  too few reads  not alignable  aligned
 398362         163202          15032   220128
2023-10-25 10:06:14,302 - INFO - Writing these stats to results/tile_3/codoncounts/lib3-virus-231024_bcstats.csv

2023-10-25 10:06:14,314 - INFO - Writing the counts of each codon identity at each site to results/tile_3/codoncounts/lib3-virus-231024_codoncounts.csv

2023-10-25 10:06:14,323 - INFO - Successful completion of dms2_bcsubamp
