2024-07-19 11:31:27,482 - INFO - Beginning execution of dms2_batch_bcsubamp in directory /fh/fast/bloom_j/computational_notebooks/whannon/2024/ZIKV_DMS_NS3_EvansLab

2024-07-19 11:31:27,482 - INFO - Progress is being logged to results/tile_3/codoncounts/summary.log
2024-07-19 11:31:27,532 - INFO - Version information:
	Time and date: Fri Jul 19 11:31:27 2024
	Platform: Linux-4.15.0-213-generic-x86_64-with-glibc2.10
	Python version: 3.8.19 | packaged by conda-forge | (default, Mar 20 2024, 12:47:35)  [GCC 12.3.0]
	dms_tools2 version: 2.6.10
	Bio version: 1.83
	pandas version: 0.25.3
	numpy version: 1.19.5
	IPython version: 8.12.2
	jupyter version: 1.0.0
	matplotlib version: 3.2.2
	plotnine version: 0.6.0
	natsort version: 8.4.0
	pystan version: 2.19.1.1
	scipy version: 1.6.0
	seaborn version: 0.12.2
	phydmslib version: 2.4.1
	statsmodels version: 0.13.5
	rpy2 cannot be imported
	regex version: 2.5.145
	umi_tools version: 1.1.4

2024-07-19 11:31:27,532 - INFO - Parsed the following arguments:
	outdir = results/tile_3/codoncounts
	ncpus = 4
	use_existing = no
	refseq = data/tile_3_amplicon.fasta
	alignspecs = ['1,306,30,30']
	bclen = 8
	fastqdir = None
	R2 = None
	R1trim = [210]
	R2trim = [210]
	bclen2 = None
	chartype = codon
	maxmuts = 4
	minq = 15
	minreads = 2
	minfraccall = 0.95
	minconcur = 0.75
	sitemask = None
	purgeread = 0
	purgebc = 0
	bcinfo = False
	bcinfo_csv = False
	batchfile = results/tile_3/codoncounts/batch.csv
	summaryprefix = summary

2024-07-19 11:31:27,532 - INFO - Parsing sample info from results/tile_3/codoncounts/batch.csv
2024-07-19 11:31:27,547 - INFO - Read the following sample information:
name,R1
lib1-virus-231024,/shared/ngs/illumina/ckikawa/231017_M00492_0174_000000000-L7FYB/Unaligned/Project_ckikawa/Virus_Tile_3_Lib_1_S17_R1_001.fastq.gz
lib2-virus-231024,/shared/ngs/illumina/ckikawa/231017_M00492_0174_000000000-L7FYB/Unaligned/Project_ckikawa/Virus_Tile_3_Lib_2_S18_R1_001.fastq.gz
wt-virus-231024,/shared/ngs/illumina/ckikawa/231017_M00492_0174_000000000-L7FYB/Unaligned/Project_ckikawa/Virus_Tile_3_WT_S20_R1_001.fastq.gz
lib1-plasmid-231024,/shared/ngs/illumina/ckikawa/231017_M00492_0174_000000000-L7FYB/Unaligned/Project_ckikawa/Plasmid_Tile_3_Lib_1_S21_R1_001.fastq.gz
lib2-plasmid-231024,/shared/ngs/illumina/ckikawa/231017_M00492_0174_000000000-L7FYB/Unaligned/Project_ckikawa/Plasmid_Tile_3_Lib_2_S22_R1_001.fastq.gz
wt-plasmid-231024,/shared/ngs/illumina/ckikawa/231017_M00492_0174_000000000-L7FYB/Unaligned/Project_ckikawa/Plasmid_Tile_3_WT_S24_R1_001.fastq.gz


2024-07-19 11:31:27,558 - INFO - Running dms2_bcsubamp on all samples using 4 CPUs...
2024-07-19 11:32:40,826 - INFO - Completed runs of dms2_bcsubamp.

2024-07-19 11:32:40,831 - INFO - Plotting read stats to results/tile_3/codoncounts/summary_readstats.pdf
2024-07-19 11:32:41,523 - INFO - Plotting barcode stats to results/tile_3/codoncounts/summary_bcstats.pdf
2024-07-19 11:32:41,794 - INFO - Plotting reads per barcode to results/tile_3/codoncounts/summary_readsperbc.pdf
2024-07-19 11:32:42,632 - INFO - Plotting count depth to results/tile_3/codoncounts/summary_depth.pdf
2024-07-19 11:32:43,433 - INFO - Plotting mutation frequencies to results/tile_3/codoncounts/summary_mutfreq.pdf
2024-07-19 11:32:44,692 - INFO - Plotting average frequencies of codon mutation types to results/tile_3/codoncounts/summary_codonmuttypes.pdf, writing the data to results/tile_3/codoncounts/summary_codonmuttypes.csv
2024-07-19 11:32:45,459 - INFO - Plotting average frequencies of nucleotide changes per codon mutation to results/tile_3/codoncounts/summary_codonntchanges.pdf
2024-07-19 11:32:46,226 - INFO - Plotting frequencies of nucleotide changes in 1-nucleotide mutations to results/tile_3/codoncounts/summary_singlentchanges.pdf
2024-07-19 11:32:47,088 - INFO - Plotting fraction of mutations seen less than some number of times to results/tile_3/codoncounts/summary_cumulmutcounts.pdf
2024-07-19 11:32:48,509 - INFO - Successful completion of dms2_batch_bcsubamp
