2024-07-19 10:32:59,119 - INFO - Beginning execution of dms2_bcsubamp in directory /fh/fast/bloom_j/computational_notebooks/whannon/2024/ZIKV_DMS_NS3_EvansLab

2024-07-19 10:32:59,119 - INFO - Progress is being logged to results/tile_3/codoncounts/wt-virus-231024.log
2024-07-19 10:32:59,155 - INFO - Version information:
	Time and date: Fri Jul 19 10:32:59 2024
	Platform: Linux-4.15.0-213-generic-x86_64-with-glibc2.10
	Python version: 3.8.19 | packaged by conda-forge | (default, Mar 20 2024, 12:47:35)  [GCC 12.3.0]
	dms_tools2 version: 2.6.10
	Bio version: 1.83
	pandas version: 0.25.3
	numpy version: 1.19.5
	IPython version: 8.12.2
	jupyter version: 1.0.0
	matplotlib version: 3.2.2
	plotnine version: 0.6.0
	natsort version: 8.4.0
	pystan version: 2.19.1.1
	scipy version: 1.6.0
	seaborn version: 0.12.2
	phydmslib version: 2.4.1
	statsmodels version: 0.13.5
	rpy2 cannot be imported
	regex version: 2.5.145
	umi_tools version: 1.1.4

2024-07-19 10:32:59,155 - INFO - Parsed the following arguments:
	outdir = results/tile_3/codoncounts
	ncpus = -1
	use_existing = no
	refseq = data/tile_3_amplicon.fasta
	alignspecs = ['1,306,30,30']
	bclen = 8
	fastqdir = None
	R2 = None
	R1trim = [210]
	R2trim = [210]
	bclen2 = None
	chartype = codon
	maxmuts = 4
	minq = 15
	minreads = 2
	minfraccall = 0.95
	minconcur = 0.75
	sitemask = None
	purgeread = 0.0
	purgebc = 0.0
	bcinfo = True
	bcinfo_csv = True
	name = wt-virus-231024
	R1 = ['/shared/ngs/illumina/ckikawa/231017_M00492_0174_000000000-L7FYB/Unaligned/Project_ckikawa/Virus_Tile_3_WT_S20_R1_001.fastq.gz']

2024-07-19 10:32:59,168 - INFO - Read refseq of 306 codons from data/tile_3_amplicon.fasta
2024-07-19 10:32:59,305 - INFO - Reads are in these FASTQ pairs:
	/shared/ngs/illumina/ckikawa/231017_M00492_0174_000000000-L7FYB/Unaligned/Project_ckikawa/Virus_Tile_3_WT_S20_R1_001.fastq.gz and /shared/ngs/illumina/ckikawa/231017_M00492_0174_000000000-L7FYB/Unaligned/Project_ckikawa/Virus_Tile_3_WT_S20_R2_001.fastq.gz

2024-07-19 10:32:59,305 - INFO - Now parsing read pairs...
2024-07-19 10:33:05,152 - INFO - Reads parsed so far: 500000
2024-07-19 10:33:10,035 - INFO - Reads parsed so far: 1000000
2024-07-19 10:33:10,429 - INFO - Parsed 1044135 reads, found 399438 unique barcodes.
2024-07-19 10:33:10,432 - INFO - Summary stats on reads:
   total  fail filter  low Q barcode
 1044135        65434          96974
2024-07-19 10:33:10,432 - INFO - Writing these stats to results/tile_3/codoncounts/wt-virus-231024_readstats.csv

2024-07-19 10:33:10,533 - INFO - Number of reads per barcode:
                 number of barcodes
number of reads                    
1                            161234
2                            101936
3                             70791
4                             38326
5                             17196
6                              6483
7                              2312
8                               801
9                               233
10                               70
11                               29
12                               13
13                                7
14                                4
15                                1
16                                1
24                                1
2024-07-19 10:33:10,533 - INFO - Writing these stats to results/tile_3/codoncounts/wt-virus-231024_readsperbc.csv

2024-07-19 10:33:10,535 - INFO - Examining the 399438 barcodes to build and align subamplicons...
2024-07-19 10:33:21,457 - INFO - Barcodes examined so far: 200000
2024-07-19 10:33:28,583 - INFO - Examined all barcodes. Summary stats:
  total  too few reads  not alignable  aligned
 399438         161234          14871   223333
2024-07-19 10:33:28,583 - INFO - Writing these stats to results/tile_3/codoncounts/wt-virus-231024_bcstats.csv

2024-07-19 10:33:28,596 - INFO - Writing the counts of each codon identity at each site to results/tile_3/codoncounts/wt-virus-231024_codoncounts.csv

2024-07-19 10:33:28,605 - INFO - Successful completion of dms2_bcsubamp
