2024-07-19 10:39:04,473 - INFO - Beginning execution of dms2_batch_prefs in directory /fh/fast/bloom_j/computational_notebooks/whannon/2024/ZIKV_DMS_NS3_EvansLab

2024-07-19 10:39:04,473 - INFO - Progress is being logged to results/tile_1/prefs_withStops/summary.log
2024-07-19 10:39:04,510 - INFO - Version information:
	Time and date: Fri Jul 19 10:39:04 2024
	Platform: Linux-4.15.0-213-generic-x86_64-with-glibc2.10
	Python version: 3.8.19 | packaged by conda-forge | (default, Mar 20 2024, 12:47:35)  [GCC 12.3.0]
	dms_tools2 version: 2.6.10
	Bio version: 1.83
	pandas version: 0.25.3
	numpy version: 1.19.5
	IPython version: 8.12.2
	jupyter version: 1.0.0
	matplotlib version: 3.2.2
	plotnine version: 0.6.0
	natsort version: 8.4.0
	pystan version: 2.19.1.1
	scipy version: 1.6.0
	seaborn version: 0.12.2
	phydmslib version: 2.4.1
	statsmodels version: 0.13.5
	rpy2 cannot be imported
	regex version: 2.5.145
	umi_tools version: 1.1.4

2024-07-19 10:39:04,510 - INFO - Parsed the following arguments:
	outdir = results/tile_1/prefs_withStops
	ncpus = 4
	use_existing = no
	method = ratio
	indir = results/tile_1/renumbered_codoncounts
	chartype = codon_to_aa
	excludestop = no
	conc = [1, 1, 1]
	pseudocount = 1
	batchfile = results/tile_1/prefs/batch.csv
	summaryprefix = summary
	no_corr = False
	no_avg = False

2024-07-19 10:39:04,511 - INFO - Parsing info from results/tile_1/prefs/batch.csv
2024-07-19 10:39:04,521 - INFO - Read the following sample information:
name,selection,library,pre,post,date,errpre,errpost
lib1-virus-231024,virus,lib1,lib1-plasmid-231024,lib1-virus-231024,231024,wt-plasmid-231024,wt-virus-231024
lib2-virus-231024,virus,lib2,lib2-plasmid-231024,lib2-virus-231024,231024,wt-plasmid-231024,wt-virus-231024
lib3-virus-231024,virus,lib3,lib3-plasmid-231024,lib3-virus-231024,231024,wt-plasmid-231024,wt-virus-231024


2024-07-19 10:39:04,522 - INFO - Running dms2_prefs on all samples...
2024-07-19 10:39:08,582 - INFO - Completed runs of dms2_prefs.

2024-07-19 10:39:08,589 - INFO - Plotting correlations to results/tile_1/prefs_withStops/summary_prefscorr.pdf

2024-07-19 10:39:09,601 - INFO - Writing average preferences to results/tile_1/prefs_withStops/summary_avgprefs.csv

2024-07-19 10:39:09,621 - INFO - Successful completion of dms2_batch_prefs
